[2022-09-13 22:49:46] - 訊息 <p>轉檔日期：2022-09-13, 不需轉檔</p>
<p>轉檔日期：2022-09-14, 不需轉檔</p>
<p>轉檔日期：2022-09-15, 不需轉檔</p>
<p>轉檔日期：2022-09-16, 不需轉檔</p>
<p>轉檔日期：2022-09-17, 不需轉檔</p>
<p>轉檔日期：2022-09-18, 不需轉檔</p>
<p>轉檔日期：2022-09-19, 不需轉檔</p>
<p>轉檔日期：2022-09-20, 不需轉檔</p>
<p>轉檔日期：2022-09-21, 不需轉檔</p>
<p>轉檔日期：2022-09-22, 不需轉檔</p>
<p>轉檔日期：2022-09-23, 不需轉檔</p>
<p>轉檔日期：2022-09-24, 不需轉檔</p>
<p>轉檔日期：2022-09-25, 不需轉檔</p>
<p>轉檔日期：2022-09-26, 不需轉檔</p>
<p>轉檔日期：2022-09-27, 不需轉檔</p>
<p>轉檔日期：2022-09-28, 不需轉檔</p>
<p>轉檔日期：2022-09-29, 不需轉檔</p>
<p>轉檔日期：2022-09-30, 不需轉檔</p>
<p>轉檔日期：2022-10-01, 不需轉檔</p>
<p>轉檔日期：2022-10-02, 不需轉檔</p>
<p>轉檔日期：2022-10-03, 不需轉檔</p>
<p>轉檔日期：2022-10-04, 不需轉檔</p>
<p>轉檔日期：2022-10-05, 不需轉檔</p>
<p>轉檔日期：2022-10-06, 不需轉檔</p>
<p>轉檔日期：2022-10-07, 不需轉檔</p>
<p>轉檔日期：2022-10-08, 不需轉檔</p>
<p>轉檔日期：2022-10-09, 不需轉檔</p>
<p>轉檔日期：2022-10-10, 不需轉檔</p>
<p>轉檔日期：2022-10-11, 不需轉檔</p>

[2022-09-13 23:05:16] - 訊息 轉檔日期：2022-09-13, 不需轉檔
轉檔日期：2022-09-14, 不需轉檔
轉檔日期：2022-09-15, 不需轉檔
轉檔日期：2022-09-16, 不需轉檔
轉檔日期：2022-09-17, 不需轉檔
轉檔日期：2022-09-18, 不需轉檔
轉檔日期：2022-09-19, 不需轉檔
轉檔日期：2022-09-20, 不需轉檔
轉檔日期：2022-09-21, 不需轉檔
轉檔日期：2022-09-22, 不需轉檔
轉檔日期：2022-09-23, 不需轉檔
轉檔日期：2022-09-24, 不需轉檔
轉檔日期：2022-09-25, 不需轉檔
轉檔日期：2022-09-26, 不需轉檔
轉檔日期：2022-09-27, 不需轉檔
轉檔日期：2022-09-28, 不需轉檔
轉檔日期：2022-09-29, 不需轉檔
轉檔日期：2022-09-30, 不需轉檔
轉檔日期：2022-10-01, 不需轉檔
轉檔日期：2022-10-02, 不需轉檔
轉檔日期：2022-10-03, 不需轉檔
轉檔日期：2022-10-04, 不需轉檔
轉檔日期：2022-10-05, 不需轉檔
轉檔日期：2022-10-06, 不需轉檔
轉檔日期：2022-10-07, 不需轉檔
轉檔日期：2022-10-08, 不需轉檔
轉檔日期：2022-10-09, 不需轉檔
轉檔日期：2022-10-10, 不需轉檔
轉檔日期：2022-10-11, 不需轉檔

[2022-09-13 23:06:15] - 訊息 轉檔日期：2022-09-13, 車次筆數：133轉檔日期：2022-09-14, 車次筆數：133轉檔日期：2022-09-15, 車次筆數：137轉檔日期：2022-09-16, 車次筆數：166轉檔日期：2022-09-17, 車次筆數：147轉檔日期：2022-09-18, 車次筆數：166轉檔日期：2022-09-19, 車次筆數：134轉檔日期：2022-09-20, 車次筆數：133轉檔日期：2022-09-21, 車次筆數：133轉檔日期：2022-09-22, 車次筆數：137轉檔日期：2022-09-23, 車次筆數：166轉檔日期：2022-09-24, 車次筆數：147轉檔日期：2022-09-25, 車次筆數：166轉檔日期：2022-09-26, 車次筆數：134轉檔日期：2022-09-27, 車次筆數：133轉檔日期：2022-09-28, 車次筆數：133轉檔日期：2022-09-29, 車次筆數：137轉檔日期：2022-09-30, 車次筆數：166轉檔日期：2022-10-01, 車次筆數：147轉檔日期：2022-10-02, 車次筆數：166轉檔日期：2022-10-03, 車次筆數：134轉檔日期：2022-10-04, 車次筆數：133轉檔日期：2022-10-05, 車次筆數：133轉檔日期：2022-10-06, 車次筆數：137轉檔日期：2022-10-07, 車次筆數：186轉檔日期：2022-10-08, 車次筆數：163轉檔日期：2022-10-09, 車次筆數：151轉檔日期：2022-10-10, 車次筆數：187轉檔日期：2022-10-11, 車次筆數：137
[2022-09-13 23:57:44] - 警告 {"error":"目前非本 API 服務時間。"}
[2022-09-13 23:59:13] - 警告 {"error":"目前非本 API 服務時間。"}
[2022-09-13 23:59:52] - 警告 {"error":"目前非本 API 服務時間。"}
