[2022-09-30 20:05:59] - 警告 The connection string 'EQC_NEW' in the application's configuration file does not contain the required providerName attribute."
[2022-09-30 20:06:51] - 訊息 轉檔日期：2022-09-30, 不需轉檔
轉檔日期：2022-10-01, 不需轉檔
轉檔日期：2022-10-02, 不需轉檔
轉檔日期：2022-10-03, 不需轉檔
轉檔日期：2022-10-04, 不需轉檔
轉檔日期：2022-10-05, 不需轉檔
轉檔日期：2022-10-06, 不需轉檔
轉檔日期：2022-10-07, 不需轉檔
轉檔日期：2022-10-08, 不需轉檔
轉檔日期：2022-10-09, 不需轉檔
轉檔日期：2022-10-10, 不需轉檔
轉檔日期：2022-10-11, 不需轉檔
轉檔日期：2022-10-12, 不需轉檔
轉檔日期：2022-10-13, 不需轉檔
轉檔日期：2022-10-14, 不需轉檔
轉檔日期：2022-10-15, 不需轉檔
轉檔日期：2022-10-16, 不需轉檔
轉檔日期：2022-10-17, 不需轉檔
轉檔日期：2022-10-18, 不需轉檔
轉檔日期：2022-10-19, 不需轉檔
轉檔日期：2022-10-20, 車次筆數：137
轉檔日期：2022-10-21, 車次筆數：166
轉檔日期：2022-10-22, 車次筆數：147
轉檔日期：2022-10-23, 車次筆數：166
轉檔日期：2022-10-24, 車次筆數：134
轉檔日期：2022-10-25, 車次筆數：133
轉檔日期：2022-10-26, 車次筆數：133
轉檔日期：2022-10-27, 車次筆數：137
轉檔日期：2022-10-28, 車次筆數：166
轉檔日期：2022-10-29, 車次筆數：147
轉檔日期：2022-10-30, 車次筆數：166

[2022-09-30 20:07:37] - 訊息 轉檔日期：2022-09-30, 不需轉檔
轉檔日期：2022-10-01, 不需轉檔
轉檔日期：2022-10-02, 不需轉檔
轉檔日期：2022-10-03, 不需轉檔
轉檔日期：2022-10-04, 不需轉檔
轉檔日期：2022-10-05, 不需轉檔
轉檔日期：2022-10-06, 不需轉檔
轉檔日期：2022-10-07, 不需轉檔
轉檔日期：2022-10-08, 不需轉檔
轉檔日期：2022-10-09, 不需轉檔
轉檔日期：2022-10-10, 不需轉檔
轉檔日期：2022-10-11, 不需轉檔
轉檔日期：2022-10-12, 不需轉檔
轉檔日期：2022-10-13, 不需轉檔
轉檔日期：2022-10-14, 不需轉檔
轉檔日期：2022-10-15, 不需轉檔
轉檔日期：2022-10-16, 不需轉檔
轉檔日期：2022-10-17, 不需轉檔
轉檔日期：2022-10-18, 不需轉檔
轉檔日期：2022-10-19, 不需轉檔
轉檔日期：2022-10-20, 不需轉檔
轉檔日期：2022-10-21, 不需轉檔
轉檔日期：2022-10-22, 不需轉檔
轉檔日期：2022-10-23, 不需轉檔
轉檔日期：2022-10-24, 不需轉檔
轉檔日期：2022-10-25, 不需轉檔
轉檔日期：2022-10-26, 不需轉檔
轉檔日期：2022-10-27, 不需轉檔
轉檔日期：2022-10-28, 不需轉檔
轉檔日期：2022-10-29, 不需轉檔
轉檔日期：2022-10-30, 不需轉檔

[2022-09-30 20:07:38] - 警告 {"error":"目前非本 API 服務時間。"}
